*** Using Compiler 'V5.06 update 7 (build 960)', folder: 'C:\Keil_v5\ARM\ARMCC\Bin'
Build target 'RTX5_1'
Note: source file 'RTE\Device\STM32L475VETx\startup_stm32l475xx.s' - object file renamed from '..\OBJ\startup_stm32l475xx.o' to '..\OBJ\startup_stm32l475xx_1.o'.Note: source file 'RTE\Device\STM32L475VETx\system_stm32l4xx.c' - object file renamed from '..\OBJ\system_stm32l4xx.o' to '..\OBJ\system_stm32l4xx_1.o'.compiling delay.c...
compiling main.c...
compiling sys.c...
compiling stm32l4xx_hal_msp.c...
compiling usart.c...
compiling stm32l4xx_hal.c...
compiling stm32l4xx_hal_adc_ex.c...
compiling stm32l4xx_hal_adc.c...
compiling stm32l4xx_hal_crc_ex.c...
compiling stm32l4xx_hal_cryp.c...
compiling stm32l4xx_hal_can.c...
compiling stm32l4xx_hal_crc.c...
compiling stm32l4xx_hal_comp.c...
compiling stm32l4xx_hal_cortex.c...
compiling stm32l4xx_hal_cryp_ex.c...
compiling stm32l4xx_hal_dac.c...
compiling stm32l4xx_hal_dac_ex.c...
compiling stm32l4xx_hal_dcmi.c...
compiling stm32l4xx_hal_dma_ex.c...
compiling stm32l4xx_hal_dfsdm_ex.c...
compiling stm32l4xx_hal_dma.c...
compiling stm32l4xx_hal_dma2d.c...
compiling stm32l4xx_hal_dsi.c...
compiling stm32l4xx_hal_dfsdm.c...
compiling stm32l4xx_hal_firewall.c...
compiling stm32l4xx_hal_exti.c...
compiling stm32l4xx_hal_gfxmmu.c...
compiling stm32l4xx_hal_flash_ramfunc.c...
compiling stm32l4xx_hal_flash_ex.c...
compiling stm32l4xx_hal_flash.c...
compiling stm32l4xx_hal_hash.c...
compiling stm32l4xx_hal_gpio.c...
compiling stm32l4xx_hal_hash_ex.c...
compiling stm32l4xx_hal_i2c_ex.c...
compiling stm32l4xx_hal_iwdg.c...
compiling stm32l4xx_hal_lcd.c...
compiling stm32l4xx_hal_hcd.c...
compiling stm32l4xx_hal_lptim.c...
compiling stm32l4xx_hal_irda.c...
compiling stm32l4xx_hal_i2c.c...
compiling stm32l4xx_hal_ltdc_ex.c...
compiling stm32l4xx_hal_opamp.c...
compiling stm32l4xx_hal_ltdc.c...
compiling stm32l4xx_hal_nor.c...
compiling stm32l4xx_hal_opamp_ex.c...
compiling stm32l4xx_hal_ospi.c...
compiling stm32l4xx_hal_nand.c...
compiling stm32l4xx_hal_pcd.c...
compiling stm32l4xx_hal_pcd_ex.c...
compiling stm32l4xx_hal_pwr.c...
compiling stm32l4xx_hal_pwr_ex.c...
compiling stm32l4xx_hal_rcc.c...
compiling stm32l4xx_hal_rng.c...
compiling stm32l4xx_hal_qspi.c...
compiling stm32l4xx_hal_rcc_ex.c...
compiling stm32l4xx_hal_rtc.c...
compiling stm32l4xx_hal_sai_ex.c...
compiling stm32l4xx_hal_sd_ex.c...
compiling stm32l4xx_hal_sai.c...
compiling stm32l4xx_hal_rtc_ex.c...
compiling stm32l4xx_hal_smartcard_ex.c...
compiling stm32l4xx_hal_smartcard.c...
compiling stm32l4xx_hal_sd.c...
compiling stm32l4xx_hal_spi_ex.c...
compiling stm32l4xx_hal_smbus.c...
compiling stm32l4xx_hal_sram.c...
compiling stm32l4xx_hal_swpmi.c...
compiling stm32l4xx_hal_tsc.c...
compiling stm32l4xx_hal_spi.c...
compiling stm32l4xx_hal_tim_ex.c...
compiling stm32l4xx_ll_adc.c...
compiling stm32l4xx_ll_comp.c...
compiling stm32l4xx_ll_crc.c...
compiling stm32l4xx_hal_tim.c...
compiling stm32l4xx_ll_crs.c...
compiling stm32l4xx_hal_uart_ex.c...
compiling stm32l4xx_ll_dac.c...
compiling stm32l4xx_ll_dma.c...
compiling stm32l4xx_hal_usart_ex.c...
compiling stm32l4xx_ll_dma2d.c...
compiling stm32l4xx_hal_uart.c...
compiling stm32l4xx_ll_exti.c...
compiling stm32l4xx_hal_wwdg.c...
compiling stm32l4xx_ll_gpio.c...
compiling stm32l4xx_ll_i2c.c...
compiling stm32l4xx_hal_usart.c...
compiling stm32l4xx_ll_lptim.c...
compiling stm32l4xx_ll_lpuart.c...
compiling stm32l4xx_ll_opamp.c...
compiling stm32l4xx_ll_pwr.c...
compiling stm32l4xx_ll_rng.c...
compiling stm32l4xx_ll_rtc.c...
compiling stm32l4xx_ll_rcc.c...
compiling stm32l4xx_ll_swpmi.c...
compiling stm32l4xx_ll_tim.c...
compiling stm32l4xx_ll_spi.c...
compiling stm32l4xx_ll_usart.c...
compiling cmsis_os1.c...
compiling stm32l4xx_ll_fmc.c...
compiling lcd.c...
..\LCD\lcd.c(5): error:  #5: cannot open source input file "spi3.h": No such file or directory
  #include "spi3.h"
..\LCD\lcd.c: 0 warnings, 1 error
compiling rtx_lib.c...
compiling stm32l4xx_ll_sdmmc.c...
compiling RTX_Config.c...
compiling led.c...
compiling stm32l4xx_ll_utils.c...
compiling stm32l4xx_ll_usb.c...
compiling system_stm32l4xx.c...
"..\OBJ\Template.axf" - 1 Error(s), 0 Warning(s).
Target not created.
Build Time Elapsed:  00:00:11
